1770576103506   TNT123XT    ENTRY   89.1234,123.3212    E
1770576103506   PO123XT    ENTRY   89.1234,123.3212    E
1770576203506   TNT123XT    PASS    89.1234,123.3313    E
1770576303506   TNT123XT    PASS    89.1234,123.3414    E
1770576103506   TNT123XT    ENTRY   89.1234,123.3212    W
1770576403506   TNT123XT    PASS    89.1234,123.3515    E
1770576203506   PO123XT    PASS    89.1234,123.3313    E
1770576303506   PO123XT    PASS    89.1234,123.3414    E
1770576403506   PO123XT    PASS    89.1234,123.3515    E
1770576203506   ROCK23XT    PASS    89.1234,123.3313    W
1770576503506   TNT123XT    PASS    89.1234,123.3616    E
1770576603506   TNT123XT    EXIT    89.1234,123.3717    E
1770576303506   ROCK23XT    PASS    89.1234,123.3414    W
1770576403506   ROCK23XT    PASS    89.1234,123.3515    W
1770576503506   ROCK23XT    PASS    89.1234,123.3616    W
1770576603506   ROCK23XT    EXIT    89.1234,123.3717    W
1770576503506   PO123XT    PASS    89.1234,123.3616    E
1770576603506   PO123XT    EXIT    89.1234,123.3717    E
1770576203506   TE123XT    ENTRY    89.1234,123.3313    E
1770576303506   TE123XT    PASS    89.1234,123.3414    E
1770576403506   TE123XT    PASS    89.1234,123.3515    E